INFO 2025-10-30 17:28:44,903 autoreload 16616 9244 Watching for file changes with StatReloader
INFO 2025-10-30 17:29:06,648 basehttp 16616 26452 "OPTIONS /api/auth/login/ HTTP/1.1" 200 0
WARNING 2025-10-30 17:29:06,883 log 16616 26452 Bad Request: /api/auth/login/
WARNING 2025-10-30 17:29:06,885 basehttp 16616 26452 "POST /api/auth/login/ HTTP/1.1" 400 68
WARNING 2025-10-30 17:32:18,475 log 16616 18564 Bad Request: /api/auth/login/
WARNING 2025-10-30 17:32:18,481 basehttp 16616 18564 "POST /api/auth/login/ HTTP/1.1" 400 68
INFO 2025-10-30 17:32:53,374 basehttp 16616 3224 "POST /api/auth/login/ HTTP/1.1" 200 789
INFO 2025-10-30 17:32:53,747 basehttp 16616 3224 "OPTIONS /api/dashboard-stats/ HTTP/1.1" 200 0
INFO 2025-10-30 17:32:53,759 basehttp 16616 7760 "OPTIONS /api/books/ HTTP/1.1" 200 0
INFO 2025-10-30 17:32:53,962 basehttp 16616 3224 "OPTIONS /api/borrow-records/ HTTP/1.1" 200 0
INFO 2025-10-30 17:32:54,062 basehttp 16616 7760 "OPTIONS /api/fines/ HTTP/1.1" 200 0
INFO 2025-10-30 17:32:54,077 basehttp 16616 3224 "OPTIONS /api/reservations/ HTTP/1.1" 200 0
INFO 2025-10-30 17:32:54,145 basehttp 16616 31476 "OPTIONS /api/categories/ HTTP/1.1" 200 0
INFO 2025-10-30 17:32:54,155 basehttp 16616 7760 "OPTIONS /api/users/ HTTP/1.1" 200 0
INFO 2025-10-30 17:32:54,218 basehttp 16616 7760 "OPTIONS /api/fines/ HTTP/1.1" 200 0
INFO 2025-10-30 17:32:54,222 basehttp 16616 31476 "OPTIONS /api/reservations/ HTTP/1.1" 200 0
INFO 2025-10-30 17:32:54,241 basehttp 16616 3224 "GET /api/dashboard-stats/ HTTP/1.1" 200 107
INFO 2025-10-30 17:32:54,329 basehttp 16616 31476 "OPTIONS /api/categories/ HTTP/1.1" 200 0
INFO 2025-10-30 17:32:54,344 basehttp 16616 15516 "OPTIONS /api/borrow-records/ HTTP/1.1" 200 0
INFO 2025-10-30 17:32:54,553 basehttp 16616 22216 "OPTIONS /api/users/ HTTP/1.1" 200 0
INFO 2025-10-30 17:32:54,977 basehttp 16616 7760 "GET /api/borrow-records/ HTTP/1.1" 200 2581
INFO 2025-10-30 17:32:54,977 basehttp 16616 3224 "GET /api/users/ HTTP/1.1" 200 6157
INFO 2025-10-30 17:32:55,168 basehttp 16616 15516 "GET /api/reservations/ HTTP/1.1" 200 1985
INFO 2025-10-30 17:32:55,222 basehttp 16616 31476 "GET /api/fines/ HTTP/1.1" 200 2359
INFO 2025-10-30 17:32:55,288 basehttp 16616 7760 "GET /api/dashboard-stats/ HTTP/1.1" 200 107
INFO 2025-10-30 17:32:55,345 basehttp 16616 15516 "GET /api/users/ HTTP/1.1" 200 6157
INFO 2025-10-30 17:32:55,469 basehttp 16616 7760 "GET /api/fines/ HTTP/1.1" 200 2359
INFO 2025-10-30 17:32:55,408 basehttp 16616 22216 "GET /api/categories/ HTTP/1.1" 200 319
INFO 2025-10-30 17:32:55,375 basehttp 16616 3224 "GET /api/borrow-records/ HTTP/1.1" 200 2581
INFO 2025-10-30 17:32:55,476 basehttp 16616 31476 "GET /api/reservations/ HTTP/1.1" 200 1985
INFO 2025-10-30 17:32:55,687 basehttp 16616 22216 "GET /api/categories/ HTTP/1.1" 200 319
INFO 2025-10-30 17:32:56,409 basehttp 16616 24968 "GET /api/books/ HTTP/1.1" 200 1794
INFO 2025-10-30 17:32:56,552 basehttp 16616 24968 "GET /api/books/ HTTP/1.1" 200 1794
INFO 2025-10-30 17:32:57,442 basehttp 16616 17136 "GET /media/book_covers/Screenshot_2025-09-11_184118.jpg HTTP/1.1" 200 12171
INFO 2025-10-30 17:32:57,446 basehttp 16616 33052 "GET /media/book_covers/placeholder.jpg HTTP/1.1" 200 4305
INFO 2025-10-30 17:32:57,447 basehttp 16616 34680 "GET /media/book_covers/Screenshot_2025-09-11_184033.jpg HTTP/1.1" 200 18755
INFO 2025-10-30 17:32:57,771 basehttp 16616 26192 "GET /media/book_covers/pexels-osho-1633973.jpg HTTP/1.1" 200 5817378
INFO 2025-10-30 21:00:38,577 basehttp 16616 29236 "OPTIONS /api/dashboard-stats/ HTTP/1.1" 200 0
INFO 2025-10-30 21:00:38,582 basehttp 16616 24960 "OPTIONS /api/borrow-records/ HTTP/1.1" 200 0
INFO 2025-10-30 21:00:38,585 basehttp 16616 29308 "OPTIONS /api/books/ HTTP/1.1" 200 0
WARNING 2025-10-30 21:00:38,714 log 16616 29236 Unauthorized: /api/dashboard-stats/
WARNING 2025-10-30 21:00:38,715 log 16616 29308 Unauthorized: /api/borrow-records/
INFO 2025-10-30 21:00:38,716 basehttp 16616 25288 "OPTIONS /api/reservations/ HTTP/1.1" 200 0
INFO 2025-10-30 21:00:38,718 basehttp 16616 19464 "OPTIONS /api/fines/ HTTP/1.1" 200 0
INFO 2025-10-30 21:00:38,719 basehttp 16616 33908 "OPTIONS /api/users/ HTTP/1.1" 200 0
INFO 2025-10-30 21:00:38,719 basehttp 16616 24960 "OPTIONS /api/categories/ HTTP/1.1" 200 0
WARNING 2025-10-30 21:00:38,720 basehttp 16616 29236 "GET /api/dashboard-stats/ HTTP/1.1" 401 183
WARNING 2025-10-30 21:00:38,732 basehttp 16616 29308 "GET /api/borrow-records/ HTTP/1.1" 401 183
WARNING 2025-10-30 21:00:38,745 log 16616 25288 Unauthorized: /api/books/
WARNING 2025-10-30 21:00:38,755 log 16616 33908 Unauthorized: /api/categories/
WARNING 2025-10-30 21:00:38,762 log 16616 24960 Unauthorized: /api/users/
WARNING 2025-10-30 21:00:38,771 log 16616 29236 Unauthorized: /api/fines/
WARNING 2025-10-30 21:00:38,778 log 16616 29308 Unauthorized: /api/reservations/
WARNING 2025-10-30 21:00:38,782 basehttp 16616 25288 "GET /api/books/ HTTP/1.1" 401 183
WARNING 2025-10-30 21:00:38,784 basehttp 16616 24960 "GET /api/users/ HTTP/1.1" 401 183
WARNING 2025-10-30 21:00:38,807 basehttp 16616 33908 "GET /api/categories/ HTTP/1.1" 401 183
WARNING 2025-10-30 21:00:38,811 basehttp 16616 29236 "GET /api/fines/ HTTP/1.1" 401 183
WARNING 2025-10-30 21:00:38,818 basehttp 16616 29308 "GET /api/reservations/ HTTP/1.1" 401 183
INFO 2025-10-30 21:00:47,580 basehttp 16616 33732 "OPTIONS /api/auth/login/ HTTP/1.1" 200 0
INFO 2025-10-30 21:00:49,575 basehttp 16616 33732 "POST /api/auth/login/ HTTP/1.1" 200 789
INFO 2025-10-30 21:00:49,860 basehttp 16616 33732 "GET /api/dashboard-stats/ HTTP/1.1" 200 107
INFO 2025-10-30 21:00:49,920 basehttp 16616 33732 "GET /api/books/ HTTP/1.1" 200 1794
INFO 2025-10-30 21:00:50,010 basehttp 16616 33732 "GET /api/fines/ HTTP/1.1" 200 2359
INFO 2025-10-30 21:00:50,054 basehttp 16616 35688 "GET /api/borrow-records/ HTTP/1.1" 200 2581
INFO 2025-10-30 21:00:50,111 basehttp 16616 35688 "GET /api/users/ HTTP/1.1" 200 6157
INFO 2025-10-30 21:00:50,177 basehttp 16616 33732 "GET /api/reservations/ HTTP/1.1" 200 1985
INFO 2025-10-30 21:00:50,190 basehttp 16616 35688 "GET /api/borrow-records/ HTTP/1.1" 200 2581
INFO 2025-10-30 21:00:50,224 basehttp 16616 33732 "GET /api/users/ HTTP/1.1" 200 6157
INFO 2025-10-30 21:00:50,289 basehttp 16616 35688 "GET /api/reservations/ HTTP/1.1" 200 1985
INFO 2025-10-30 21:00:50,493 basehttp 16616 2156 "GET /api/fines/ HTTP/1.1" 200 2359
INFO 2025-10-30 21:00:50,648 basehttp 16616 26860 "GET /api/categories/ HTTP/1.1" 200 319
INFO 2025-10-30 21:00:50,655 basehttp 16616 33112 "GET /api/books/ HTTP/1.1" 200 1794
INFO 2025-10-30 21:00:50,748 basehttp 16616 8968 "GET /api/dashboard-stats/ HTTP/1.1" 200 107
INFO 2025-10-30 21:00:50,838 basehttp 16616 33112 "GET /api/categories/ HTTP/1.1" 200 319
INFO 2025-10-31 20:29:33,630 basehttp 16616 7888 "OPTIONS /api/auth/profile/ HTTP/1.1" 200 0
INFO 2025-10-31 20:29:33,627 basehttp 16616 6864 "OPTIONS /api/auth/profile/ HTTP/1.1" 200 0
WARNING 2025-10-31 20:29:33,788 log 16616 7888 Unauthorized: /api/auth/profile/
WARNING 2025-10-31 20:29:33,789 basehttp 16616 7888 "GET /api/auth/profile/ HTTP/1.1" 401 183
WARNING 2025-10-31 20:29:33,848 log 16616 7888 Unauthorized: /api/auth/profile/
WARNING 2025-10-31 20:29:33,885 basehttp 16616 7888 "GET /api/auth/profile/ HTTP/1.1" 401 183
INFO 2025-11-02 15:22:27,479 basehttp 16616 20032 "OPTIONS /api/auth/login/ HTTP/1.1" 200 0
INFO 2025-11-02 15:22:29,800 basehttp 16616 20032 "POST /api/auth/login/ HTTP/1.1" 200 789
INFO 2025-11-02 15:22:30,010 basehttp 16616 20032 "OPTIONS /api/dashboard-stats/ HTTP/1.1" 200 0
INFO 2025-11-02 15:22:30,011 basehttp 16616 11508 "OPTIONS /api/borrow-records/ HTTP/1.1" 200 0
INFO 2025-11-02 15:22:30,030 basehttp 16616 20032 "OPTIONS /api/books/ HTTP/1.1" 200 0
INFO 2025-11-02 15:22:30,035 basehttp 16616 11508 "OPTIONS /api/fines/ HTTP/1.1" 200 0
INFO 2025-11-02 15:22:30,045 basehttp 16616 20032 "OPTIONS /api/reservations/ HTTP/1.1" 200 0
INFO 2025-11-02 15:22:30,046 basehttp 16616 11508 "OPTIONS /api/users/ HTTP/1.1" 200 0
INFO 2025-11-02 15:22:30,071 basehttp 16616 20032 "OPTIONS /api/categories/ HTTP/1.1" 200 0
INFO 2025-11-02 15:22:30,075 basehttp 16616 11508 "OPTIONS /api/books/ HTTP/1.1" 200 0
INFO 2025-11-02 15:22:30,086 basehttp 16616 20032 "OPTIONS /api/fines/ HTTP/1.1" 200 0
INFO 2025-11-02 15:22:30,086 basehttp 16616 11508 "OPTIONS /api/reservations/ HTTP/1.1" 200 0
INFO 2025-11-02 15:22:30,106 basehttp 16616 20032 "OPTIONS /api/categories/ HTTP/1.1" 200 0
INFO 2025-11-02 15:22:30,106 basehttp 16616 11508 "OPTIONS /api/users/ HTTP/1.1" 200 0
INFO 2025-11-02 15:22:30,388 basehttp 16616 11508 "GET /api/dashboard-stats/ HTTP/1.1" 200 107
INFO 2025-11-02 15:22:30,487 basehttp 16616 20032 "GET /api/books/ HTTP/1.1" 200 1794
INFO 2025-11-02 15:22:30,557 basehttp 16616 11508 "GET /api/categories/ HTTP/1.1" 200 319
INFO 2025-11-02 15:22:30,625 basehttp 16616 20032 "GET /api/dashboard-stats/ HTTP/1.1" 200 107
INFO 2025-11-02 15:22:30,634 basehttp 16616 11508 "GET /api/books/ HTTP/1.1" 200 1794
INFO 2025-11-02 15:22:30,677 basehttp 16616 20032 "GET /api/categories/ HTTP/1.1" 200 319
INFO 2025-11-02 15:22:30,956 basehttp 16616 36072 "GET /api/borrow-records/ HTTP/1.1" 200 2581
INFO 2025-11-02 15:22:30,990 basehttp 16616 36552 "GET /api/users/ HTTP/1.1" 200 6165
INFO 2025-11-02 15:22:31,022 basehttp 16616 20032 "GET /api/users/ HTTP/1.1" 200 6165
INFO 2025-11-02 15:22:31,028 basehttp 16616 24532 "GET /api/reservations/ HTTP/1.1" 200 1985
INFO 2025-11-02 15:22:31,074 basehttp 16616 30892 "GET /api/fines/ HTTP/1.1" 200 2359
INFO 2025-11-02 15:22:31,087 basehttp 16616 36072 "GET /api/borrow-records/ HTTP/1.1" 200 2581
INFO 2025-11-02 15:22:31,158 basehttp 16616 30892 "GET /api/fines/ HTTP/1.1" 200 2359
INFO 2025-11-02 15:22:31,163 basehttp 16616 24532 "GET /api/reservations/ HTTP/1.1" 200 1985
INFO 2025-11-02 15:22:40,179 basehttp 16616 9024 "OPTIONS /api/auth/profile/ HTTP/1.1" 200 0
INFO 2025-11-02 15:22:40,183 basehttp 16616 15224 "OPTIONS /api/auth/profile/ HTTP/1.1" 200 0
INFO 2025-11-02 15:22:40,424 basehttp 16616 15224 "GET /api/auth/profile/ HTTP/1.1" 200 298
INFO 2025-11-02 15:22:40,435 basehttp 16616 15224 "GET /api/auth/profile/ HTTP/1.1" 200 298
INFO 2025-11-02 15:22:40,641 basehttp 16616 15224 "GET /api/dashboard-stats/ HTTP/1.1" 200 107
INFO 2025-11-02 15:22:40,916 basehttp 16616 5308 "GET /api/books/ HTTP/1.1" 200 1794
INFO 2025-11-02 15:22:40,953 basehttp 16616 15224 "GET /api/users/ HTTP/1.1" 200 6165
INFO 2025-11-02 15:22:41,129 basehttp 16616 5308 "GET /api/dashboard-stats/ HTTP/1.1" 200 107
INFO 2025-11-02 15:22:41,197 basehttp 16616 15224 "GET /api/books/ HTTP/1.1" 200 1794
INFO 2025-11-02 15:22:41,408 basehttp 16616 9024 "GET /api/borrow-records/ HTTP/1.1" 200 2581
INFO 2025-11-02 15:22:41,449 basehttp 16616 5308 "GET /api/users/ HTTP/1.1" 200 6165
INFO 2025-11-02 15:22:41,664 basehttp 16616 9024 "GET /api/borrow-records/ HTTP/1.1" 200 2581
INFO 2025-11-02 15:22:41,928 basehttp 16616 26612 "GET /api/categories/ HTTP/1.1" 200 319
INFO 2025-11-02 15:22:41,955 basehttp 16616 27676 "GET /api/reservations/ HTTP/1.1" 200 1985
INFO 2025-11-02 15:22:42,009 basehttp 16616 32252 "GET /api/fines/ HTTP/1.1" 200 2359
INFO 2025-11-02 15:22:42,021 basehttp 16616 26612 "GET /api/categories/ HTTP/1.1" 200 319
INFO 2025-11-02 15:22:42,085 basehttp 16616 27676 "GET /api/reservations/ HTTP/1.1" 200 1985
INFO 2025-11-02 15:22:42,117 basehttp 16616 26612 "GET /api/fines/ HTTP/1.1" 200 2359
INFO 2025-11-14 23:50:00,252 autoreload 11972 1736 Watching for file changes with StatReloader
INFO 2025-11-15 00:04:00,937 autoreload 16104 17288 Watching for file changes with StatReloader
INFO 2025-11-15 00:09:11,143 basehttp 16104 16432 "OPTIONS /api/auth/profile/ HTTP/1.1" 200 0
INFO 2025-11-15 00:09:11,145 basehttp 16104 8556 "OPTIONS /api/auth/profile/ HTTP/1.1" 200 0
WARNING 2025-11-15 00:09:11,271 log 16104 8556 Unauthorized: /api/auth/profile/
WARNING 2025-11-15 00:09:11,273 basehttp 16104 8556 "GET /api/auth/profile/ HTTP/1.1" 401 183
WARNING 2025-11-15 00:09:11,280 log 16104 8556 Unauthorized: /api/auth/profile/
WARNING 2025-11-15 00:09:11,281 basehttp 16104 8556 "GET /api/auth/profile/ HTTP/1.1" 401 183
INFO 2025-11-15 00:09:11,636 basehttp 16104 8556 "OPTIONS /api/books/ HTTP/1.1" 200 0
INFO 2025-11-15 00:09:11,636 basehttp 16104 16432 "OPTIONS /api/users/ HTTP/1.1" 200 0
INFO 2025-11-15 00:09:11,637 basehttp 16104 14628 "OPTIONS /api/books/ HTTP/1.1" 200 0
INFO 2025-11-15 00:09:11,640 basehttp 16104 8556 "OPTIONS /api/users/ HTTP/1.1" 200 0
WARNING 2025-11-15 00:09:11,646 log 16104 16432 Unauthorized: /api/users/
WARNING 2025-11-15 00:09:11,650 log 16104 14628 Unauthorized: /api/books/
WARNING 2025-11-15 00:09:11,652 basehttp 16104 16432 "GET /api/users/ HTTP/1.1" 401 183
WARNING 2025-11-15 00:09:11,653 basehttp 16104 14628 "GET /api/books/ HTTP/1.1" 401 183
WARNING 2025-11-15 00:09:11,658 log 16104 16432 Unauthorized: /api/users/
WARNING 2025-11-15 00:09:11,664 log 16104 14628 Unauthorized: /api/books/
WARNING 2025-11-15 00:09:11,667 basehttp 16104 16432 "GET /api/users/ HTTP/1.1" 401 183
WARNING 2025-11-15 00:09:11,668 basehttp 16104 14628 "GET /api/books/ HTTP/1.1" 401 183
INFO 2025-11-15 00:10:58,170 basehttp 16104 7676 "OPTIONS /api/auth/login/ HTTP/1.1" 200 0
INFO 2025-11-15 00:10:59,826 basehttp 16104 7676 "POST /api/auth/login/ HTTP/1.1" 200 789
INFO 2025-11-15 00:11:00,033 basehttp 16104 7676 "OPTIONS /api/dashboard-stats/ HTTP/1.1" 200 0
INFO 2025-11-15 00:11:00,047 basehttp 16104 7676 "OPTIONS /api/borrow-records/ HTTP/1.1" 200 0
INFO 2025-11-15 00:11:00,054 basehttp 16104 7676 "OPTIONS /api/fines/ HTTP/1.1" 200 0
INFO 2025-11-15 00:11:00,058 basehttp 16104 7676 "OPTIONS /api/reservations/ HTTP/1.1" 200 0
INFO 2025-11-15 00:11:00,065 basehttp 16104 7676 "OPTIONS /api/categories/ HTTP/1.1" 200 0
INFO 2025-11-15 00:11:00,073 basehttp 16104 7676 "OPTIONS /api/borrow-records/ HTTP/1.1" 200 0
INFO 2025-11-15 00:11:00,076 basehttp 16104 7676 "OPTIONS /api/fines/ HTTP/1.1" 200 0
INFO 2025-11-15 00:11:00,081 basehttp 16104 7676 "OPTIONS /api/reservations/ HTTP/1.1" 200 0
INFO 2025-11-15 00:11:00,089 basehttp 16104 7676 "OPTIONS /api/categories/ HTTP/1.1" 200 0
INFO 2025-11-15 00:11:00,165 basehttp 16104 7676 "GET /api/dashboard-stats/ HTTP/1.1" 200 107
INFO 2025-11-15 00:11:00,712 basehttp 16104 13340 "GET /api/borrow-records/ HTTP/1.1" 200 2581
INFO 2025-11-15 00:11:00,772 basehttp 16104 13340 "GET /api/dashboard-stats/ HTTP/1.1" 200 107
INFO 2025-11-15 00:11:00,860 basehttp 16104 13340 "GET /api/borrow-records/ HTTP/1.1" 200 2581
INFO 2025-11-15 00:11:00,962 basehttp 16104 11308 "GET /api/fines/ HTTP/1.1" 200 2359
INFO 2025-11-15 00:11:01,021 basehttp 16104 16200 "GET /api/reservations/ HTTP/1.1" 200 1985
INFO 2025-11-15 00:11:01,088 basehttp 16104 10688 "GET /api/users/ HTTP/1.1" 200 6157
INFO 2025-11-15 00:11:01,141 basehttp 16104 6724 "GET /api/categories/ HTTP/1.1" 200 319
INFO 2025-11-15 00:11:01,192 basehttp 16104 13340 "GET /api/users/ HTTP/1.1" 200 6157
INFO 2025-11-15 00:11:01,219 basehttp 16104 6724 "GET /api/categories/ HTTP/1.1" 200 319
INFO 2025-11-15 00:11:01,222 basehttp 16104 11308 "GET /api/fines/ HTTP/1.1" 200 2359
INFO 2025-11-15 00:11:01,233 basehttp 16104 16200 "GET /api/reservations/ HTTP/1.1" 200 1985
INFO 2025-11-15 00:11:01,666 basehttp 16104 7676 "GET /api/books/ HTTP/1.1" 200 1794
INFO 2025-11-15 00:11:02,088 basehttp 16104 7676 "GET /api/books/ HTTP/1.1" 200 1794
INFO 2025-11-15 00:11:02,900 basehttp 16104 9936 "GET /media/book_covers/placeholder.jpg HTTP/1.1" 200 4305
INFO 2025-11-15 00:11:02,905 basehttp 16104 1568 "GET /media/book_covers/Screenshot_2025-09-11_184033.jpg HTTP/1.1" 200 18755
INFO 2025-11-15 00:11:02,914 basehttp 16104 8004 "GET /media/book_covers/Screenshot_2025-09-11_184118.jpg HTTP/1.1" 200 12171
INFO 2025-11-15 00:11:03,002 basehttp 16104 17136 "GET /media/book_covers/pexels-osho-1633973.jpg HTTP/1.1" 200 5817378
INFO 2025-11-15 00:12:17,784 basehttp 16104 5216 "GET /api/fines/ HTTP/1.1" 200 2359
INFO 2025-11-15 00:12:17,859 basehttp 16104 14856 "GET /api/categories/ HTTP/1.1" 200 319
INFO 2025-11-15 00:12:17,900 basehttp 16104 9784 "GET /api/users/ HTTP/1.1" 200 6157
INFO 2025-11-15 00:12:17,944 basehttp 16104 10864 "GET /api/books/ HTTP/1.1" 200 1794
INFO 2025-11-15 00:12:17,998 basehttp 16104 5216 "GET /api/fines/ HTTP/1.1" 200 2359
INFO 2025-11-15 00:12:18,021 basehttp 16104 2536 "GET /api/borrow-records/ HTTP/1.1" 200 2581
INFO 2025-11-15 00:12:18,056 basehttp 16104 13812 "GET /api/reservations/ HTTP/1.1" 200 1985
INFO 2025-11-15 00:12:18,097 basehttp 16104 9784 "GET /api/users/ HTTP/1.1" 200 6157
INFO 2025-11-15 00:12:18,105 basehttp 16104 14856 "GET /api/categories/ HTTP/1.1" 200 319
INFO 2025-11-15 00:12:18,109 basehttp 16104 10864 "GET /api/books/ HTTP/1.1" 200 1794
INFO 2025-11-15 00:12:18,162 basehttp 16104 2536 "GET /api/reservations/ HTTP/1.1" 200 1985
INFO 2025-11-15 00:12:18,185 basehttp 16104 13812 "GET /api/borrow-records/ HTTP/1.1" 200 2581
INFO 2025-11-15 00:16:51,050 basehttp 16104 2368 "OPTIONS /api/notifications/ HTTP/1.1" 200 0
INFO 2025-11-15 00:16:51,173 basehttp 16104 2368 "GET /api/notifications/ HTTP/1.1" 200 1832
INFO 2025-11-16 08:23:01,844 basehttp 16104 20428 "OPTIONS /api/auth/profile/ HTTP/1.1" 200 0
INFO 2025-11-16 08:23:01,846 basehttp 16104 20576 "OPTIONS /api/auth/profile/ HTTP/1.1" 200 0
WARNING 2025-11-16 08:23:01,950 log 16104 20428 Unauthorized: /api/auth/profile/
WARNING 2025-11-16 08:23:01,952 basehttp 16104 20428 "GET /api/auth/profile/ HTTP/1.1" 401 183
WARNING 2025-11-16 08:23:01,961 log 16104 20428 Unauthorized: /api/auth/profile/
WARNING 2025-11-16 08:23:01,963 basehttp 16104 20428 "GET /api/auth/profile/ HTTP/1.1" 401 183
INFO 2025-11-19 04:38:08,041 autoreload 16104 17288 C:\Users\johnii\Downloads\library-management-system\backend\authentication\serializers.py changed, reloading.
INFO 2025-11-19 04:38:23,208 autoreload 18928 23324 Watching for file changes with StatReloader
INFO 2025-11-19 04:38:30,707 autoreload 18928 23324 C:\Users\johnii\Downloads\library-management-system\backend\authentication\serializers.py changed, reloading.
INFO 2025-11-19 04:38:47,554 autoreload 21896 21252 Watching for file changes with StatReloader
WARNING 2025-11-19 15:03:44,083 log 3968 20068 Bad Request: /api/books/4/borrow/
WARNING 2025-11-19 15:03:52,418 log 3968 20068 Forbidden: /api/books/
WARNING 2025-11-19 15:07:24,325 log 8708 9968 Bad Request: /api/books/4/borrow/
WARNING 2025-11-19 15:07:32,499 log 8708 9968 Forbidden: /api/books/
WARNING 2025-11-19 15:08:02,514 log 21920 15704 Bad Request: /api/books/4/borrow/
WARNING 2025-11-19 15:08:10,685 log 21920 15704 Forbidden: /api/books/
WARNING 2025-11-19 15:08:46,353 log 9772 18792 Bad Request: /api/books/4/borrow/
WARNING 2025-11-19 15:08:54,610 log 9772 18792 Forbidden: /api/books/
WARNING 2025-11-19 15:09:40,744 log 25028 23312 Bad Request: /api/books/1/reserve/
WARNING 2025-11-19 15:10:31,509 log 25508 19008 Not Found: /login
WARNING 2025-11-19 15:10:31,749 log 25508 19008 Not Found: /favicon.ico
INFO 2025-11-19 15:10:35,932 basehttp 25508 24168 - Broken pipe from ('127.0.0.1', 55772)
INFO 2025-11-19 15:10:35,981 basehttp 25508 25364 - Broken pipe from ('127.0.0.1', 55771)
INFO 2025-11-19 15:10:35,984 basehttp 25508 19008 - Broken pipe from ('127.0.0.1', 55770)
WARNING 2025-11-19 15:11:41,571 log 17084 2880 Bad Request: /api/books/4/borrow/
WARNING 2025-11-19 15:11:53,614 log 17084 2880 Forbidden: /api/books/
WARNING 2025-11-19 15:28:50,222 log 1740 14916 Bad Request: /api/books/4/borrow/
WARNING 2025-11-19 15:29:02,252 log 1740 14916 Forbidden: /api/books/
WARNING 2025-11-19 15:30:36,043 log 25816 25568 Bad Request: /api/books/4/borrow/
WARNING 2025-11-19 15:30:43,822 log 25816 25568 Forbidden: /api/books/
